<?xml version="1.0" encoding="UTF-8"?>
<!-- Generated by org.testng.reporters.JUnitReportReporter -->
<testsuite skipped="0" hostname="DESKTOP-IND3M95" name="com.amazon.rough.TestClass" tests="1" failures="0" timestamp="15 Mar 2019 07:34:29 GMT" time="0.005" errors="0">
  <testcase name="testClass" time="0.005" classname="com.amazon.rough.TestClass"/>
</testsuite> <!-- com.amazon.rough.TestClass -->
