<?xml version="1.0" encoding="UTF-8"?>
<!-- Generated by org.testng.reporters.JUnitReportReporter -->
<testsuite skipped="0" hostname="DESKTOP-IND3M95" name="com.amazon.testcases.SignInTest" tests="1" failures="0" timestamp="15 Mar 2019 10:33:37 GMT" time="0.892" errors="0">
  <testcase name="signInTest" time="0.892" classname="com.amazon.testcases.SignInTest"/>
</testsuite> <!-- com.amazon.testcases.SignInTest -->
