<?xml version="1.0" encoding="UTF-8"?>
<!-- Generated by org.testng.reporters.JUnitReportReporter -->
<testsuite skipped="0" hostname="DESKTOP-IND3M95" name="com.amazon.testcases.NavigateToSignInPageTest" tests="1" failures="0" timestamp="21 Mar 2019 12:19:59 GMT" time="11.533" errors="0">
  <testcase name="navigateToSignInPageTest" time="11.533" classname="com.amazon.testcases.NavigateToSignInPageTest"/>
</testsuite> <!-- com.amazon.testcases.NavigateToSignInPageTest -->
