<?xml version="1.0" encoding="UTF-8"?>
<!-- Generated by org.testng.reporters.JUnitReportReporter -->
<testsuite skipped="0" hostname="DESKTOP-IND3M95" name="com.amazon.testcases.ChangeDeliveryAddress" tests="1" failures="0" timestamp="21 Mar 2019 12:25:52 GMT" time="0.451" errors="0">
  <testcase name="changeDeliverTo" time="0.451" classname="com.amazon.testcases.ChangeDeliveryAddress"/>
</testsuite> <!-- com.amazon.testcases.ChangeDeliveryAddress -->
