<?xml version="1.0" encoding="UTF-8"?>
<!-- Generated by org.testng.reporters.JUnitReportReporter -->
<testsuite skipped="0" hostname="DESKTOP-IND3M95" name="com.amazon.testcases.NavigateToSignInPageTest" tests="1" failures="0" timestamp="16 Mar 2019 16:58:45 GMT" time="21.211" errors="0">
  <testcase name="navigateToSignInPageTest" time="21.211" classname="com.amazon.testcases.NavigateToSignInPageTest"/>
</testsuite> <!-- com.amazon.testcases.NavigateToSignInPageTest -->
