<?xml version="1.0" encoding="UTF-8"?>
<!-- Generated by org.testng.reporters.JUnitReportReporter -->
<testsuite skipped="0" hostname="DESKTOP-IND3M95" name="com.amazon.testcases.NavigateToSignInPageTest" tests="1" failures="0" timestamp="21 Mar 2019 18:22:22 GMT" time="31.156" errors="0">
  <testcase name="navigateToSignInPageTest" time="31.156" classname="com.amazon.testcases.NavigateToSignInPageTest"/>
</testsuite> <!-- com.amazon.testcases.NavigateToSignInPageTest -->
